proguard-project.txt
-keep public class <SDLActivity.java>
-keep class org.xmlpull.v1.** { *; }
-keep class * { *; }