proguard/seeds.txt
com.hsnake.game.BuildConfig
com.hsnake.game.BuildConfig: boolean DEBUG
com.hsnake.game.BuildConfig: BuildConfig()
com.hsnake.game.R
com.hsnake.game.R: R()
com.hsnake.game.R$attr
com.hsnake.game.R$attr: R$attr()
com.hsnake.game.R$drawable
com.hsnake.game.R$drawable: int ic_launcher
com.hsnake.game.R$drawable: R$drawable()
com.hsnake.game.R$layout
com.hsnake.game.R$layout: int main
com.hsnake.game.R$layout: R$layout()
com.hsnake.game.R$string
com.hsnake.game.R$string: int app_name
com.hsnake.game.R$string: R$string()
com.hsnake.game.hsnake
com.hsnake.game.hsnake: hsnake()
...
org.libsdl.app.SDLActivity$SDLCommandHandler
org.libsdl.app.SDLActivity$SDLCommandHandler: SDLActivity$SDLCommandHandler()
org.libsdl.app.SDLActivity$SDLCommandHandler: void handleMessage(android.os.Message)
org.libsdl.app.SDLActivity$ShowTextInputTask
org.libsdl.app.SDLActivity$ShowTextInputTask: int HEIGHT_PADDING
org.libsdl.app.SDLActivity$ShowTextInputTask: int x
org.libsdl.app.SDLActivity$ShowTextInputTask: int y
org.libsdl.app.SDLActivity$ShowTextInputTask: int w
org.libsdl.app.SDLActivity$ShowTextInputTask: int h
org.libsdl.app.SDLActivity$ShowTextInputTask: SDLActivity$ShowTextInputTask(int,int,int,int)
org.libsdl.app.SDLActivity$ShowTextInputTask: void run()
org.libsdl.app.SDLGenericMotionListener_API12
org.libsdl.app.SDLGenericMotionListener_API12: SDLGenericMotionListener_API12()
org.libsdl.app.SDLGenericMotionListener_API12: boolean onGenericMotion(android.view.View,android.view.MotionEvent)
org.libsdl.app.SDLInputConnection
org.libsdl.app.SDLInputConnection: SDLInputConnection(android.view.View,boolean)
org.libsdl.app.SDLInputConnection: boolean sendKeyEvent(android.view.KeyEvent)
org.libsdl.app.SDLInputConnection: boolean commitText(java.lang.CharSequence,int)
org.libsdl.app.SDLInputConnection: boolean setComposingText(java.lang.CharSequence,int)
org.libsdl.app.SDLInputConnection: void nativeCommitText(java.lang.String,int)
org.libsdl.app.SDLInputConnection: void nativeSetComposingText(java.lang.String,int)
org.libsdl.app.SDLInputConnection: boolean deleteSurroundingText(int,int)
org.libsdl.app.SDLJoystickHandler
org.libsdl.app.SDLJoystickHandler: SDLJoystickHandler()
org.libsdl.app.SDLJoystickHandler: boolean handleMotionEvent(android.view.MotionEvent)
org.libsdl.app.SDLJoystickHandler: void pollInputDevices()
org.libsdl.app.SDLJoystickHandler_API12
org.libsdl.app.SDLJoystickHandler_API12: java.util.ArrayList mJoysticks
org.libsdl.app.SDLJoystickHandler_API12: SDLJoystickHandler_API12()
org.libsdl.app.SDLJoystickHandler_API12: void pollInputDevices()
org.libsdl.app.SDLJoystickHandler_API12: org.libsdl.app.SDLJoystickHandler_API12$SDLJoystick getJoystick(int)
org.libsdl.app.SDLJoystickHandler_API12: boolean handleMotionEvent(android.view.MotionEvent)
org.libsdl.app.SDLJoystickHandler_API12$RangeComparator
org.libsdl.app.SDLJoystickHandler_API12$RangeComparator: org.libsdl.app.SDLJoystickHandler_API12 this$0
org.libsdl.app.SDLJoystickHandler_API12$RangeComparator: SDLJoystickHandler_API12$RangeComparator(org.libsdl.app.SDLJoystickHandler_API12)
org.libsdl.app.SDLJoystickHandler_API12$RangeComparator: int compare(android.view.InputDevice$MotionRange,android.view.InputDevice$MotionRange)
org.libsdl.app.SDLJoystickHandler_API12$RangeComparator: int compare(java.lang.Object,java.lang.Object)
org.libsdl.app.SDLJoystickHandler_API12$SDLJoystick
org.libsdl.app.SDLJoystickHandler_API12$SDLJoystick: int device_id
org.libsdl.app.SDLJoystickHandler_API12$SDLJoystick: java.lang.String name
org.libsdl.app.SDLJoystickHandler_API12$SDLJoystick: java.util.ArrayList axes
org.libsdl.app.SDLJoystickHandler_API12$SDLJoystick: java.util.ArrayList hats
org.libsdl.app.SDLJoystickHandler_API12$SDLJoystick: org.libsdl.app.SDLJoystickHandler_API12 this$0
org.libsdl.app.SDLJoystickHandler_API12$SDLJoystick: SDLJoystickHandler_API12$SDLJoystick(org.libsdl.app.SDLJoystickHandler_API12)
org.libsdl.app.SDLMain
org.libsdl.app.SDLMain: SDLMain()
org.libsdl.app.SDLMain: void run()