proguard/mapping.txt
com.hsnake.game.BuildConfig -> com.hsnake.game.BuildConfig:
    boolean DEBUG -> DEBUG
com.hsnake.game.R -> com.hsnake.game.R:
com.hsnake.game.R$attr -> com.hsnake.game.R$attr:
com.hsnake.game.R$drawable -> com.hsnake.game.R$drawable:
    int ic_launcher -> ic_launcher
com.hsnake.game.R$layout -> com.hsnake.game.R$layout:
    int main -> main
com.hsnake.game.R$string -> com.hsnake.game.R$string:
    int app_name -> app_name
com.hsnake.game.hsnake -> com.hsnake.game.hsnake:
...
org.libsdl.app.DummyEdit -> org.libsdl.app.DummyEdit:
    android.view.inputmethod.InputConnection ic -> ic
    boolean onCheckIsTextEditor() -> onCheckIsTextEditor
    boolean onKey(android.view.View,int,android.view.KeyEvent) -> onKey
    boolean onKeyPreIme(int,android.view.KeyEvent) -> onKeyPreIme
    android.view.inputmethod.InputConnection onCreateInputConnection(android.view.inputmethod.EditorInfo) -> onCreateInputConnection
org.libsdl.app.SDLActivity -> org.libsdl.app.SDLActivity:
    java.lang.String TAG -> TAG
    boolean mIsPaused -> mIsPaused
    boolean mIsSurfaceReady -> mIsSurfaceReady
    boolean mHasFocus -> mHasFocus
    boolean mExitCalledFromJava -> mExitCalledFromJava
    org.libsdl.app.SDLActivity mSingleton -> mSingleton
    org.libsdl.app.SDLSurface mSurface -> mSurface
    android.view.View mTextEdit -> mTextEdit
    android.view.ViewGroup mLayout -> mLayout
    org.libsdl.app.SDLJoystickHandler mJoystickHandler -> mJoystickHandler
    java.lang.Thread mSDLThread -> mSDLThread
    android.media.AudioTrack mAudioTrack -> mAudioTrack
    int COMMAND_CHANGE_TITLE -> COMMAND_CHANGE_TITLE
    int COMMAND_UNUSED -> COMMAND_UNUSED
    int COMMAND_TEXTEDIT_HIDE -> COMMAND_TEXTEDIT_HIDE
    int COMMAND_USER -> COMMAND_USER
    android.os.Handler commandHandler -> commandHandler
    void initialize() -> initialize
    void copyAssets() -> copyAssets
    void copyFile(java.io.InputStream,java.io.OutputStream) -> copyFile
    void onCreate(android.os.Bundle) -> onCreate
    void onPause() -> onPause
    void onResume() -> onResume
    void onWindowFocusChanged(boolean) -> onWindowFocusChanged
    void onLowMemory() -> onLowMemory
    void onDestroy() -> onDestroy
    boolean dispatchKeyEvent(android.view.KeyEvent) -> dispatchKeyEvent
    void handlePause() -> handlePause
    void handleResume() -> handleResume
    void handleNativeExit() -> handleNativeExit
org.libsdl.app.SDLActivity$1 -> org.libsdl.app.SDLActivity$1:
    org.libsdl.app.SDLActivity this$0 -> this$0
    java.lang.Object val$lock -> val$lock
    java.lang.Object[] val$results -> val$results
    java.lang.String val$name -> val$name
    void run() -> run
org.libsdl.app.SDLActivity$SDLCommandHandler -> org.libsdl.app.SDLActivity$SDLCommandHandler:
    void handleMessage(android.os.Message) -> handleMessage
org.libsdl.app.SDLActivity$ShowTextInputTask -> org.libsdl.app.SDLActivity$ShowTextInputTask:
    int HEIGHT_PADDING -> HEIGHT_PADDING
    int x -> x
    int y -> y
    int w -> w
    int h -> h
    void run() -> run
org.libsdl.app.SDLGenericMotionListener_API12 -> org.libsdl.app.SDLGenericMotionListener_API12:
    boolean onGenericMotion(android.view.View,android.view.MotionEvent) -> onGenericMotion
org.libsdl.app.SDLInputConnection -> org.libsdl.app.SDLInputConnection:
    boolean sendKeyEvent(android.view.KeyEvent) -> sendKeyEvent
    boolean commitText(java.lang.CharSequence,int) -> commitText
    boolean setComposingText(java.lang.CharSequence,int) -> setComposingText
    void nativeCommitText(java.lang.String,int) -> nativeCommitText
    void nativeSetComposingText(java.lang.String,int) -> nativeSetComposingText
    boolean deleteSurroundingText(int,int) -> deleteSurroundingText
org.libsdl.app.SDLJoystickHandler -> org.libsdl.app.SDLJoystickHandler:
    boolean handleMotionEvent(android.view.MotionEvent) -> handleMotionEvent
    void pollInputDevices() -> pollInputDevices
org.libsdl.app.SDLJoystickHandler_API12 -> org.libsdl.app.SDLJoystickHandler_API12:
    java.util.ArrayList mJoysticks -> mJoysticks
    void pollInputDevices() -> pollInputDevices
    org.libsdl.app.SDLJoystickHandler_API12$SDLJoystick getJoystick(int) -> getJoystick
    boolean handleMotionEvent(android.view.MotionEvent) -> handleMotionEvent